<?xml version="1.0" encoding="UTF-8"?>
<!-- Generated by org.testng.reporters.JUnitReportReporter -->
<testsuite skipped="0" hostname="LAPTOP-SOVQ8MF1" name="com.callhub.flipkart.tests.CartPageTest" tests="3" failures="0" timestamp="21 May 2019 16:20:48 GMT" time="86.975" errors="0">
  <testcase name="ScreenshotCartPage" time="26.900" classname="com.callhub.flipkart.tests.CartPageTest"/>
  <testcase name="removeFromCart" time="26.726" classname="com.callhub.flipkart.tests.CartPageTest"/>
  <testcase name="logoutfromAppinCart" time="33.349" classname="com.callhub.flipkart.tests.CartPageTest"/>
</testsuite> <!-- com.callhub.flipkart.tests.CartPageTest -->
