<?xml version="1.0" encoding="UTF-8"?>
<!-- Generated by org.testng.reporters.JUnitReportReporter -->
<testsuite skipped="0" hostname="LAPTOP-SOVQ8MF1" name="com.callhub.flipkart.tests.HomepageTest" tests="3" failures="0" timestamp="21 May 2019 16:20:48 GMT" time="57.154" errors="0">
  <testcase name="verifyHomePageTitileTest" time="14.175" classname="com.callhub.flipkart.tests.HomepageTest"/>
  <testcase name="verifyHomepageCorrectSignIn" time="25.394" classname="com.callhub.flipkart.tests.HomepageTest"/>
  <testcase name="searchProductFromHomepage" time="17.585" classname="com.callhub.flipkart.tests.HomepageTest"/>
</testsuite> <!-- com.callhub.flipkart.tests.HomepageTest -->
